<?xml version="1.0" encoding="UTF-8"?>
<!-- Generated by org.testng.reporters.JUnitReportReporter -->
<testsuite hostname="LAPTOP-MFJ8Q0NV" failures="0" tests="1" name="requestspecification.BddToNonBdd" time="2.850" errors="0" timestamp="03 Sep 2021 16:31:30 GMT" skipped="0">
  <testcase classname="requestspecification.BddToNonBdd" name="test1" time="2.850"/>
</testsuite> <!-- requestspecification.BddToNonBdd -->
