<?xml version="1.0" encoding="UTF-8"?>
<!-- Generated by org.testng.reporters.JUnitReportReporter -->
<testsuite hostname="LAPTOP-MFJ8Q0NV" failures="0" tests="1" name="formData.downloadFile" time="3.901" errors="0" timestamp="06 Sep 2021 19:04:20 GMT" skipped="0">
  <testcase classname="formData.downloadFile" name="m1" time="3.901"/>
</testsuite> <!-- formData.downloadFile -->
