<?xml version="1.0" encoding="UTF-8"?>
<!-- Generated by org.testng.reporters.JUnitReportReporter -->
<testsuite hostname="LAPTOP-MFJ8Q0NV" failures="0" tests="1" name="formAuthentication.CsrfTest" time="10.438" errors="0" timestamp="2021-10-14T21:59:35 IST" skipped="0">
  <testcase classname="formAuthentication.CsrfTest" name="authentication" time="10.438"/>
  <system-out/>
</testsuite> <!-- formAuthentication.CsrfTest -->
