<?xml version="1.0" encoding="UTF-8"?>
<!-- Generated by org.testng.reporters.JUnitReportReporter -->
<testsuite hostname="LAPTOP-MFJ8Q0NV" failures="0" tests="1" name="LoggingTutorials" time="4.528" errors="0" timestamp="01 Sep 2021 11:28:09 GMT" skipped="0">
  <testcase classname="LoggingTutorials" name="blackListHeaders" time="4.528"/>
</testsuite> <!-- LoggingTutorials -->
