<?xml version="1.0" encoding="UTF-8"?>
<!-- Generated by org.testng.reporters.JUnitReportReporter -->
<testsuite hostname="LAPTOP-MFJ8Q0NV" failures="0" tests="1" name="filters.ReqResFilter" time="3.832" errors="0" timestamp="07 Sep 2021 18:03:13 GMT" skipped="0">
  <testcase classname="filters.ReqResFilter" name="m1" time="3.832"/>
</testsuite> <!-- filters.ReqResFilter -->
