<?xml version="1.0" encoding="UTF-8"?>
<!-- Generated by org.testng.reporters.JUnitReportReporter -->
<testsuite hostname="LAPTOP-MFJ8Q0NV" failures="0" tests="1" name="apiTutorials.LearnRequestSpecification" time="5.227" errors="0" timestamp="03 Sep 2021 13:08:58 GMT" skipped="0">
  <testcase classname="apiTutorials.LearnRequestSpecification" name="specRequestSpecification" time="5.227"/>
</testsuite> <!-- apiTutorials.LearnRequestSpecification -->
