<?xml version="1.0" encoding="UTF-8"?>
<!-- Generated by org.testng.reporters.JUnitReportReporter -->
<testsuite hostname="LAPTOP-MFJ8Q0NV" failures="0" tests="1" name="responseSpecification.LearnResponseSpecBuilder" time="2.714" errors="0" timestamp="03 Sep 2021 18:23:09 GMT" skipped="0">
  <testcase classname="responseSpecification.LearnResponseSpecBuilder" name="test1" time="2.714"/>
</testsuite> <!-- responseSpecification.LearnResponseSpecBuilder -->
