<?xml version="1.0" encoding="UTF-8"?>
<!-- Generated by org.testng.reporters.JUnitReportReporter -->
<testsuite hostname="LAPTOP-MFJ8Q0NV" failures="0" tests="1" name="queryParameter.GetPostRequest" time="2.912" errors="0" timestamp="06 Sep 2021 17:35:23 GMT" skipped="0">
  <testcase classname="queryParameter.GetPostRequest" name="m4" time="2.912"/>
</testsuite> <!-- queryParameter.GetPostRequest -->
