<?xml version="1.0" encoding="UTF-8"?>
<!-- Generated by org.testng.reporters.JUnitReportReporter -->
<testsuite hostname="LAPTOP-MFJ8Q0NV" failures="0" tests="2" name="serializationDeSerialization.DataproviderTest" time="6.687" errors="0" timestamp="20 Sep 2021 15:21:55 GMT" skipped="0">
  <testcase classname="serializationDeSerialization.DataproviderTest" name="m1" time="4.890"/>
  <testcase classname="serializationDeSerialization.DataproviderTest" name="m1" time="1.797"/>
</testsuite> <!-- serializationDeSerialization.DataproviderTest -->
