<?xml version="1.0" encoding="UTF-8"?>
<!-- Generated by org.testng.reporters.JUnitReportReporter -->
<testsuite hostname="LAPTOP-MFJ8Q0NV" failures="0" tests="1" name="serializationDeSerialization.MapObjectSerialization" time="7.864" errors="0" timestamp="2021-10-11T21:43:23 IST" skipped="0">
  <testcase classname="serializationDeSerialization.MapObjectSerialization" name="m1" time="7.864"/>
  <system-out/>
</testsuite> <!-- serializationDeSerialization.MapObjectSerialization -->
