<?xml version="1.0" encoding="UTF-8"?>
<!-- Generated by org.testng.reporters.JUnitReportReporter -->
<testsuite hostname="LAPTOP-MFJ8Q0NV" failures="0" tests="1" name="oAuthAutomation.GmailMyProfile" time="1.609" errors="0" timestamp="07 Oct 2021 14:38:23 GMT" skipped="0">
  <testcase classname="oAuthAutomation.GmailMyProfile" name="m1" time="1.609"/>
</testsuite> <!-- oAuthAutomation.GmailMyProfile -->
