<?xml version="1.0" encoding="UTF-8"?>
<!-- Generated by org.testng.reporters.JUnitReportReporter -->
<testsuite hostname="LAPTOP-MFJ8Q0NV" failures="0" tests="1" name="multiplePayload.SendAsObject" time="6.032" errors="0" timestamp="07 Sep 2021 17:11:56 GMT" skipped="0">
  <testcase classname="multiplePayload.SendAsObject" name="m1" time="6.032"/>
</testsuite> <!-- multiplePayload.SendAsObject -->
