<?xml version="1.0" encoding="UTF-8"?>
<!-- Generated by org.testng.reporters.JUnitReportReporter -->
<testsuite hostname="LAPTOP-MFJ8Q0NV" failures="0" tests="1" name="requestspecification.ReUseRequestSpecification" time="2.863" errors="0" timestamp="03 Sep 2021 13:19:13 GMT" skipped="0">
  <testcase classname="requestspecification.ReUseRequestSpecification" name="test1" time="2.863"/>
</testsuite> <!-- requestspecification.ReUseRequestSpecification -->
