<?xml version="1.0" encoding="UTF-8"?>
<!-- Generated by org.testng.reporters.JUnitReportReporter -->
<testsuite hostname="LAPTOP-MFJ8Q0NV" failures="0" tests="1" name="multiplePayload.UseJsonArrayAsList" time="3.585" errors="0" timestamp="08 Sep 2021 13:00:48 GMT" skipped="0">
  <testcase classname="multiplePayload.UseJsonArrayAsList" name="m1" time="3.585"/>
</testsuite> <!-- multiplePayload.UseJsonArrayAsList -->
