<?xml version="1.0" encoding="UTF-8"?>
<!-- Generated by org.testng.reporters.JUnitReportReporter -->
<testsuite hostname="LAPTOP-MFJ8Q0NV" failures="0" tests="1" name="queryParameter.PathParameter" time="2.253" errors="0" timestamp="06 Sep 2021 17:47:54 GMT" skipped="0">
  <testcase classname="queryParameter.PathParameter" name="m1" time="2.253"/>
</testsuite> <!-- queryParameter.PathParameter -->
