<?xml version="1.0" encoding="UTF-8"?>
<!-- Generated by org.testng.reporters.JUnitReportReporter -->
<testsuite hostname="LAPTOP-MFJ8Q0NV" failures="0" tests="1" name="filters.ReuseFilter" time="3.450" errors="0" timestamp="07 Sep 2021 17:26:33 GMT" skipped="0">
  <testcase classname="filters.ReuseFilter" name="m1" time="3.450"/>
</testsuite> <!-- filters.ReuseFilter -->
