<?xml version="1.0" encoding="UTF-8"?>
<!-- Generated by org.testng.reporters.JUnitReportReporter -->
<testsuite hostname="LAPTOP-MFJ8Q0NV" failures="0" tests="1" name="TC001_Get_Request" time="6.640" errors="0" timestamp="31 Aug 2021 12:38:50 GMT" skipped="0">
  <testcase classname="TC001_Get_Request" name="extract_Single_Response" time="6.640"/>
</testsuite> <!-- TC001_Get_Request -->
