<?xml version="1.0" encoding="UTF-8"?>
<!-- Generated by org.testng.reporters.JUnitReportReporter -->
<testsuite hostname="LAPTOP-MFJ8Q0NV" failures="0" tests="1" name="post_Put_delete.PostInNonBdd" time="4.537" errors="0" timestamp="04 Sep 2021 10:28:49 GMT" skipped="0">
  <testcase classname="post_Put_delete.PostInNonBdd" name="m1" time="4.537"/>
</testsuite> <!-- post_Put_delete.PostInNonBdd -->
