<?xml version="1.0" encoding="UTF-8"?>
<!-- Generated by org.testng.reporters.JUnitReportReporter -->
<testsuite hostname="LAPTOP-MFJ8Q0NV" failures="0" tests="1" name="formData.uploadFile" time="3.194" errors="0" timestamp="06 Sep 2021 18:47:40 GMT" skipped="0">
  <testcase classname="formData.uploadFile" name="m1" time="3.194"/>
</testsuite> <!-- formData.uploadFile -->
