<?xml version="1.0" encoding="UTF-8"?>
<!-- Generated by org.testng.reporters.JUnitReportReporter -->
<testsuite hostname="LAPTOP-MFJ8Q0NV" failures="0" tests="1" name="multiplePayload.SendAsObject" time="4.271" errors="0" timestamp="08 Sep 2021 12:53:29 GMT" skipped="0">
  <testcase classname="multiplePayload.SendAsObject" name="m1" time="4.271"/>
</testsuite> <!-- multiplePayload.SendAsObject -->
