<?xml version="1.0" encoding="UTF-8"?>
<!-- Generated by org.testng.reporters.JUnitReportReporter -->
<testsuite hostname="LAPTOP-MFJ8Q0NV" failures="0" tests="1" name="complexPojo.DeserializeComplexPojo" time="5.836" errors="0" timestamp="17 Sep 2021 17:49:17 GMT" skipped="0">
  <testcase classname="complexPojo.DeserializeComplexPojo" name="m2" time="5.836"/>
</testsuite> <!-- complexPojo.DeserializeComplexPojo -->
