<?xml version="1.0" encoding="UTF-8"?>
<!-- Generated by org.testng.reporters.JUnitReportReporter -->
<testsuite hostname="LAPTOP-MFJ8Q0NV" failures="0" tests="1" name="serializationDeSerialization.ArrayNode" time="3.371" errors="0" timestamp="08 Sep 2021 13:33:22 GMT" skipped="0">
  <testcase classname="serializationDeSerialization.ArrayNode" name="m1" time="3.371"/>
</testsuite> <!-- serializationDeSerialization.ArrayNode -->
