<?xml version="1.0" encoding="UTF-8"?>
<!-- Generated by org.testng.reporters.JUnitReportReporter -->
<testsuite hostname="LAPTOP-MFJ8Q0NV" failures="0" tests="1" name="learnPojo.SimplePojo" time="4.456" errors="0" timestamp="21 Sep 2021 18:55:53 GMT" skipped="0">
  <testcase classname="learnPojo.SimplePojo" name="m1" time="4.456"/>
</testsuite> <!-- learnPojo.SimplePojo -->
