<?xml version="1.0" encoding="UTF-8"?>
<!-- Generated by org.testng.reporters.JUnitReportReporter -->
<testsuite hostname="LAPTOP-MFJ8Q0NV" failures="0" tests="1" name="requestspecification.LearnRequestSpecificationBuilder" time="2.768" errors="0" timestamp="03 Sep 2021 17:07:24 GMT" skipped="0">
  <testcase classname="requestspecification.LearnRequestSpecificationBuilder" name="test2" time="2.768"/>
</testsuite> <!-- requestspecification.LearnRequestSpecificationBuilder -->
