<?xml version="1.0" encoding="UTF-8"?>
<!-- Generated by org.testng.reporters.JUnitReportReporter -->
<testsuite hostname="LAPTOP-MFJ8Q0NV" failures="0" tests="1" name="jsonSchemaValidation.AutomateSchemaValidation" time="5.021" errors="0" timestamp="07 Sep 2021 17:07:47 GMT" skipped="0">
  <testcase classname="jsonSchemaValidation.AutomateSchemaValidation" name="m1" time="5.021"/>
</testsuite> <!-- jsonSchemaValidation.AutomateSchemaValidation -->
