<?xml version="1.0" encoding="UTF-8"?>
<!-- Generated by org.testng.reporters.JUnitReportReporter -->
<testsuite hostname="LAPTOP-MFJ8Q0NV" failures="0" tests="1" name="formData.SendFormData" time="3.258" errors="0" timestamp="06 Sep 2021 18:17:27 GMT" skipped="0">
  <testcase classname="formData.SendFormData" name="m1" time="3.258"/>
</testsuite> <!-- formData.SendFormData -->
