<?xml version="1.0" encoding="UTF-8"?>
<!-- Generated by org.testng.reporters.JUnitReportReporter -->
<testsuite hostname="LAPTOP-MFJ8Q0NV" failures="0" tests="1" name="post_Put_delete.AutomateDelete" time="4.535" errors="0" timestamp="04 Sep 2021 11:06:32 GMT" skipped="0">
  <testcase classname="post_Put_delete.AutomateDelete" name="m2" time="4.535"/>
</testsuite> <!-- post_Put_delete.AutomateDelete -->
