<?xml version="1.0" encoding="UTF-8"?>
<!-- Generated by org.testng.reporters.JUnitReportReporter -->
<testsuite hostname="LAPTOP-MFJ8Q0NV" failures="0" tests="1" name="filters.ReqResFilter" time="4.851" errors="0" timestamp="07 Sep 2021 17:08:40 GMT" skipped="0">
  <testcase classname="filters.ReqResFilter" name="m1" time="4.851"/>
</testsuite> <!-- filters.ReqResFilter -->
