<?xml version="1.0" encoding="UTF-8"?>
<!-- Generated by org.testng.reporters.JUnitReportReporter -->
<testsuite hostname="LAPTOP-MFJ8Q0NV" failures="0" tests="1" name="serializationDeSerialization.ObjectNode" time="4.701" errors="0" timestamp="08 Sep 2021 13:26:45 GMT" skipped="0">
  <testcase classname="serializationDeSerialization.ObjectNode" name="m1" time="4.701"/>
</testsuite> <!-- serializationDeSerialization.ObjectNode -->
