<?xml version="1.0" encoding="UTF-8"?>
<!-- Generated by org.testng.reporters.JUnitReportReporter -->
<testsuite hostname="LAPTOP-MFJ8Q0NV" failures="0" tests="1" name="serializationDeSerialization.ListSerialization" time="3.612" errors="0" timestamp="08 Sep 2021 13:09:01 GMT" skipped="0">
  <testcase classname="serializationDeSerialization.ListSerialization" name="m1" time="3.612"/>
</testsuite> <!-- serializationDeSerialization.ListSerialization -->
