<?xml version="1.0" encoding="UTF-8"?>
<!-- Generated by org.testng.reporters.JUnitReportReporter -->
<testsuite hostname="LAPTOP-MFJ8Q0NV" failures="0" tests="1" name="requestspecification.LearnQueryReqSpec" time="0.007" errors="0" timestamp="03 Sep 2021 17:40:05 GMT" skipped="0">
  <testcase classname="requestspecification.LearnQueryReqSpec" name="test1" time="0.007"/>
</testsuite> <!-- requestspecification.LearnQueryReqSpec -->
