<?xml version="1.0" encoding="UTF-8"?>
<!-- Generated by org.testng.reporters.JUnitReportReporter -->
<testsuite hostname="LAPTOP-MFJ8Q0NV" failures="0" tests="1" name="practicePackage.GettingStarted" time="5.826" errors="0" timestamp="2021-11-02T00:16:51 IST" skipped="0">
  <testcase classname="practicePackage.GettingStarted" name="validateResponse3" time="5.826"/>
  <system-out/>
</testsuite> <!-- practicePackage.GettingStarted -->
