<?xml version="1.0" encoding="UTF-8"?>
<!-- Generated by org.testng.reporters.JUnitReportReporter -->
<testsuite hostname="LAPTOP-MFJ8Q0NV" failures="0" tests="1" name="complexPojo.ComplexPojoAutomation" time="7.799" errors="0" timestamp="17 Sep 2021 19:22:17 GMT" skipped="0">
  <testcase classname="complexPojo.ComplexPojoAutomation" name="m1" time="7.799"/>
</testsuite> <!-- complexPojo.ComplexPojoAutomation -->
