<?xml version="1.0" encoding="UTF-8"?>
<!-- Generated by org.testng.reporters.JUnitReportReporter -->
<testsuite hostname="LAPTOP-MFJ8Q0NV" failures="0" tests="1" name="multiplePayload.UseJsonFile" time="5.549" errors="0" timestamp="07 Sep 2021 17:12:20 GMT" skipped="0">
  <testcase classname="multiplePayload.UseJsonFile" name="m1" time="5.549"/>
</testsuite> <!-- multiplePayload.UseJsonFile -->
