<?xml version="1.0" encoding="UTF-8"?>
<!-- Generated by org.testng.reporters.JUnitReportReporter -->
<testsuite hostname="LAPTOP-MFJ8Q0NV" failures="0" tests="1" name="oAuthAutomation.SendMail" time="3.140" errors="0" timestamp="2021-10-14T12:07:14 IST" skipped="0">
  <testcase classname="oAuthAutomation.SendMail" name="sendMessage" time="3.140"/>
  <system-out/>
</testsuite> <!-- oAuthAutomation.SendMail -->
