<?xml version="1.0" encoding="UTF-8"?>
<!-- Generated by org.testng.reporters.JUnitReportReporter -->
<testsuite hostname="LAPTOP-MFJ8Q0NV" failures="0" tests="1" name="learnPojo.WorkSpacePojoAutomation" time="3.937" errors="0" timestamp="11 Sep 2021 10:30:55 GMT" skipped="0">
  <testcase classname="learnPojo.WorkSpacePojoAutomation" name="m1" time="3.937"/>
</testsuite> <!-- learnPojo.WorkSpacePojoAutomation -->
