<?xml version="1.0" encoding="UTF-8"?>
<!-- Generated by org.testng.reporters.JUnitReportReporter -->
<testsuite hostname="LAPTOP-MFJ8Q0NV" failures="0" tests="1" name="headers.MultivalueHeader" time="4.857" errors="0" timestamp="2021-11-01T23:44:12 IST" skipped="0">
  <testcase classname="headers.MultivalueHeader" name="test9" time="4.857"/>
  <system-out/>
</testsuite> <!-- headers.MultivalueHeader -->
