<?xml version="1.0" encoding="UTF-8"?>
<!-- Generated by org.testng.reporters.JUnitReportReporter -->
<testsuite hostname="LAPTOP-MFJ8Q0NV" failures="0" tests="1" name="post_Put_delete.AutomatePutRequest" time="4.122" errors="0" timestamp="04 Sep 2021 10:54:16 GMT" skipped="0">
  <testcase classname="post_Put_delete.AutomatePutRequest" name="m2" time="4.122"/>
</testsuite> <!-- post_Put_delete.AutomatePutRequest -->
